
                            < M A T L A B (R) >
                  Copyright 1984-2021 The MathWorks, Inc.
             R2021a Update 5 (9.10.0.1739362) 64-bit (glnxa64)
                               August 9, 2021

 
To get started, type doc.
For product information, visit www.mathworks.com.
 
saved: s1
saved: s151
saved: s176
saved: s177
saved: s301
saved: s501
saved: s502
saved: s503
saved: s504
saved: s726
saved: s826
saved: s926
saved: s976
saved: s1176
saved: s1201
saved: s1376
saved: s1401
saved: s1551
saved: s1552
saved: s1626
saved: s1627
saved: s1726
saved: s1727
saved: s1751
saved: s1851
saved: s2026
saved: s2176
saved: s2177
saved: s2326
saved: s2351
saved: s2426
saved: s2551
saved: s2626
saved: s2951
saved: s2952
saved: s2976
saved: s3101
saved: s3176
saved: s3177
saved: s3251
saved: s3252
saved: s3276
saved: s3326
saved: s3376
saved: s3426
saved: s3501
saved: s3502
saved: s3526
saved: s3576
saved: s3577
saved: s3651
saved: s3776
saved: s3826
saved: s3926
saved: s3927
saved: s3976
saved: s3977
saved: s4051
saved: s4226
saved: s4227
saved: s4251
saved: s4301
saved: s4302
saved: s4326
saved: s4426
saved: s4427
saved: s4501
saved: s4601
saved: s4801
saved: s4851
slurmstepd: error: *** JOB 2854642 ON hopper031 CANCELLED AT 2024-09-16T15:35:25 ***
