
                            < M A T L A B (R) >
                  Copyright 1984-2022 The MathWorks, Inc.
             R2022a Update 3 (9.12.0.1975300) 64-bit (glnxa64)
                                June 2, 2022

 
For online documentation, see https://www.mathworks.com/support
For product information, visit www.mathworks.com.
 

CARC_NODEFILE =

    '/tmp/bi48T7LPcj'


SLURM_CPUS_PER_TASK =

    '8'

DeprecationWarning: 'source deactivate' is deprecated. Use 'conda deactivate'.

                            < M A T L A B (R) >
                  Copyright 1984-2022 The MathWorks, Inc.
             R2022a Update 3 (9.12.0.1975300) 64-bit (glnxa64)
                                June 2, 2022

 
For online documentation, see https://www.mathworks.com/support
For product information, visit www.mathworks.com.
 

CARC_NODEFILE =

    '/tmp/bi48T7LPcj'


SLURM_CPUS_PER_TASK =

    '8'

DeprecationWarning: 'source deactivate' is deprecated. Use 'conda deactivate'.
